WARNING:donkeycar.parts.actuator:RPi.GPIO was not imported. No module named 'RPi'
WARNING:donkeycar.parts.pins:RPi.GPIO was not imported.
WARNING:donkeycar.parts.pins:pigpio was not imported.
Warning: Could not import CPM library. Using mock implementation.
________             ______                   _________              
___  __ \_______________  /___________  __    __  ____/_____ ________
__  / / /  __ \_  __ \_  //_/  _ \_  / / /    _  /    _  __ `/_  ___/
_  /_/ // /_/ /  / / /  ,<  /  __/  /_/ /     / /___  / /_/ /_  /    
/_____/ \____//_/ /_//_/|_| \___/_\__, /      \____/  \__,_/ /_/     
                                 /____/                              

using donkey v5.2.dev2 ...
Mock: Initializing CPM with ID donkeycar_bridge_1
Mock: Setting ID to donkeycar_bridge_1
Mock: Created async reader for topic vehicle_command_1
Mock: Created writer for topic vehicle_state_1
Mock: Setting ID to donkeycar_vis_1
Mock: Initializing CPM with ID donkeycar_vis_1
Mock: Setting ID to donkeycar_vis_1
Traceback (most recent call last):
  File "/home/icarus/school/RIDE-project/donkeycar_bridge/src/visualizer.py", line 30, in __init__
    cpm.Logging.Instance().set_min_level(cpm.LogLevel.Warn)
    ^^^^^^^^^^^^^^^^^^^^^^^^^^^^^^^^^^^^
AttributeError: 'Logging' object has no attribute 'set_min_level'

During handling of the above exception, another exception occurred:

Traceback (most recent call last):
  File "/home/icarus/school/RIDE-project/donkeycar_bridge/src/dds_bridge.py", line 418, in <module>
    main()
  File "/home/icarus/school/RIDE-project/donkeycar_bridge/src/dds_bridge.py", line 403, in main
    bridge = DonkeycarDDSBridge(args.vehicle_id)
             ^^^^^^^^^^^^^^^^^^^^^^^^^^^^^^^^^^^
  File "/home/icarus/school/RIDE-project/donkeycar_bridge/src/dds_bridge.py", line 44, in __init__
    self.visualizer = DonkeycarVisualizer(vehicle_id)
                      ^^^^^^^^^^^^^^^^^^^^^^^^^^^^^^^
  File "/home/icarus/school/RIDE-project/donkeycar_bridge/src/visualizer.py", line 34, in __init__
    cpm.Logging.Instance().set_min_level(cpm.LogLevel.Warn)
    ^^^^^^^^^^^^^^^^^^^^^^^^^^^^^^^^^^^^
AttributeError: 'Logging' object has no attribute 'set_min_level'
